Flow report for BinarySimulation
Fri Oct 21 00:55:54 2016
Quartus II 32-bit Version 13.0.1 Build 232 06/12/2013 Service Pack 1 SJ Web Edition


---------------------
; Table of Contents ;
---------------------
  1. Legal Notice
  2. Flow Summary
  3. Flow Settings
  4. Flow Non-Default Global Settings
  5. Flow Elapsed Time
  6. Flow OS Summary
  7. Flow Log
  8. Flow Messages
  9. Flow Suppressed Messages



----------------
; Legal Notice ;
----------------
Copyright (C) 1991-2013 Altera Corporation
Your use of Altera Corporation's design tools, logic functions 
and other software and tools, and its AMPP partner logic 
functions, and any output files from any of the foregoing 
(including device programming or simulation files), and any 
associated documentation or information are expressly subject 
to the terms and conditions of the Altera Program License 
Subscription Agreement, Altera MegaCore Function License 
Agreement, or other applicable license agreement, including, 
without limitation, that your use is for the sole purpose of 
programming logic devices manufactured by Altera and sold by 
Altera or its authorized distributors.  Please refer to the 
applicable agreement for further details.



+--------------------------------------------------------------------------------------+
; Flow Summary                                                                         ;
+------------------------------------+-------------------------------------------------+
; Flow Status                        ; Successful - Fri Oct 21 00:55:54 2016           ;
; Quartus II 32-bit Version          ; 13.0.1 Build 232 06/12/2013 SP 1 SJ Web Edition ;
; Revision Name                      ; BinarySimulation                                ;
; Top-level Entity Name              ; BinarySimulation                                ;
; Family                             ; Cyclone II                                      ;
; Total logic elements               ; 3 / 4,608 ( < 1 % )                             ;
;     Total combinational functions  ; 3 / 4,608 ( < 1 % )                             ;
;     Dedicated logic registers      ; 2 / 4,608 ( < 1 % )                             ;
; Total registers                    ; 2                                               ;
; Total pins                         ; 6 / 89 ( 7 % )                                  ;
; Total virtual pins                 ; 0                                               ;
; Total memory bits                  ; 0 / 119,808 ( 0 % )                             ;
; Embedded Multiplier 9-bit elements ; 0 / 26 ( 0 % )                                  ;
; Total PLLs                         ; 0 / 2 ( 0 % )                                   ;
; Device                             ; EP2C5T144C6                                     ;
; Timing Models                      ; Final                                           ;
+------------------------------------+-------------------------------------------------+


+-----------------------------------------+
; Flow Settings                           ;
+-------------------+---------------------+
; Option            ; Setting             ;
+-------------------+---------------------+
; Start date & time ; 10/21/2016 00:46:38 ;
; Main task         ; Compilation         ;
; Revision Name     ; BinarySimulation    ;
+-------------------+---------------------+


+---------------------------------------------------------------------------------------------------------------------+
; Flow Non-Default Global Settings                                                                                    ;
+-------------------------------------+--------------------------------+---------------+-------------+----------------+
; Assignment Name                     ; Value                          ; Default Value ; Entity Name ; Section Id     ;
+-------------------------------------+--------------------------------+---------------+-------------+----------------+
; COMPILER_SIGNATURE_ID               ; 44883550473358.147702159807224 ; --            ; --          ; --             ;
; EDA_GENERATE_FUNCTIONAL_NETLIST     ; On                             ; --            ; --          ; eda_simulation ;
; EDA_OUTPUT_DATA_FORMAT              ; Verilog Hdl                    ; --            ; --          ; eda_simulation ;
; EDA_SIMULATION_TOOL                 ; ModelSim-Altera (Verilog)      ; <None>        ; --          ; --             ;
; PARTITION_COLOR                     ; 16764057                       ; --            ; --          ; Top            ;
; PARTITION_FITTER_PRESERVATION_LEVEL ; PLACEMENT_AND_ROUTING          ; --            ; --          ; Top            ;
; PARTITION_NETLIST_TYPE              ; SOURCE                         ; --            ; --          ; Top            ;
; PROJECT_OUTPUT_DIRECTORY            ; output_files                   ; --            ; --          ; --             ;
+-------------------------------------+--------------------------------+---------------+-------------+----------------+


+-------------------------------------------------------------------------------------------------------------------------------+
; Flow Elapsed Time                                                                                                             ;
+---------------------------+--------------+-------------------------+---------------------+------------------------------------+
; Module Name               ; Elapsed Time ; Average Processors Used ; Peak Virtual Memory ; Total CPU Time (on all processors) ;
+---------------------------+--------------+-------------------------+---------------------+------------------------------------+
; Analysis & Synthesis      ; 00:00:00     ; 1.0                     ; 338 MB              ; 00:00:01                           ;
; Fitter                    ; 00:00:02     ; 1.0                     ; 396 MB              ; 00:00:02                           ;
; Assembler                 ; 00:00:01     ; 1.0                     ; 325 MB              ; 00:00:01                           ;
; TimeQuest Timing Analyzer ; 00:00:00     ; 1.0                     ; 291 MB              ; 00:00:01                           ;
; EDA Netlist Writer        ; 00:00:01     ; 1.0                     ; 308 MB              ; 00:00:00                           ;
; EDA Netlist Writer        ; 00:00:00     ; 1.0                     ; 302 MB              ; 00:00:00                           ;
; EDA Netlist Writer        ; 00:00:01     ; 1.0                     ; 318 MB              ; 00:00:01                           ;
; EDA Netlist Writer        ; 00:00:00     ; 1.0                     ; 302 MB              ; 00:00:00                           ;
; EDA Netlist Writer        ; 00:00:01     ; 1.0                     ; 307 MB              ; 00:00:01                           ;
; Total                     ; 00:00:06     ; --                      ; --                  ; 00:00:07                           ;
+---------------------------+--------------+-------------------------+---------------------+------------------------------------+


+-------------------------------------------------------------------------------------------+
; Flow OS Summary                                                                           ;
+---------------------------+--------------------+------------+------------+----------------+
; Module Name               ; Machine Hostname   ; OS Name    ; OS Version ; Processor type ;
+---------------------------+--------------------+------------+------------+----------------+
; Analysis & Synthesis      ; vany-ThinkPad-T430 ; Linux Mint ; 17         ; x86_64         ;
; Fitter                    ; vany-ThinkPad-T430 ; Linux Mint ; 17         ; x86_64         ;
; Assembler                 ; vany-ThinkPad-T430 ; Linux Mint ; 17         ; x86_64         ;
; TimeQuest Timing Analyzer ; vany-ThinkPad-T430 ; Linux Mint ; 17         ; x86_64         ;
; EDA Netlist Writer        ; vany-ThinkPad-T430 ; Linux Mint ; 17         ; x86_64         ;
; EDA Netlist Writer        ; vany-ThinkPad-T430 ; Linux Mint ; 17         ; x86_64         ;
; EDA Netlist Writer        ; vany-ThinkPad-T430 ; Linux Mint ; 17         ; x86_64         ;
; EDA Netlist Writer        ; vany-ThinkPad-T430 ; Linux Mint ; 17         ; x86_64         ;
; EDA Netlist Writer        ; vany-ThinkPad-T430 ; Linux Mint ; 17         ; x86_64         ;
+---------------------------+--------------------+------------+------------+----------------+


------------
; Flow Log ;
------------
quartus_map --read_settings_files=on --write_settings_files=off BinarySimulation -c BinarySimulation
quartus_fit --read_settings_files=off --write_settings_files=off BinarySimulation -c BinarySimulation
quartus_asm --read_settings_files=off --write_settings_files=off BinarySimulation -c BinarySimulation
quartus_sta BinarySimulation -c BinarySimulation
quartus_eda --read_settings_files=off --write_settings_files=off BinarySimulation -c BinarySimulation
quartus_eda --gen_testbench --check_outputs=on --tool=modelsim_oem --format=verilog BinarySimulation -c BinarySimulation --vector_source=/home/vany/Simulacao/test/WaveformBinarySequence.vwf --testbench_file=./simulation/qsim/BinarySimulation.vt
quartus_eda --functional=on --simulation=on --tool=modelsim_oem --format=verilog BinarySimulation -c BinarySimulation
quartus_eda --gen_testbench --check_outputs=on --tool=modelsim_oem --format=verilog BinarySimulation -c BinarySimulation --vector_source=/home/vany/Simulacao/test/BinarySimulation.vwf --testbench_file=./simulation/qsim/BinarySimulation.vt
quartus_eda --functional=on --simulation=on --tool=modelsim_oem --format=verilog BinarySimulation -c BinarySimulation



